2020-11-20 16:02:31.926  INFO 20608 --- [main] com.len.LenApplication                   : Starting LenApplication on DESKTOP-0PCEBE3 with PID 20608 (C:\Users\admin\Desktop\xml\xy-web\target\classes started by admin in C:\Users\admin\Desktop\xml)
2020-11-20 16:02:31.957  INFO 20608 --- [main] com.len.LenApplication                   : The following profiles are active: mysql-dev
2020-11-20 16:35:10.929  INFO 21956 --- [main] com.len.LenApplication                   : Starting LenApplication on DESKTOP-0PCEBE3 with PID 21956 (C:\Users\admin\Desktop\xml\xy-web\target\classes started by admin in C:\Users\admin\Desktop\xml)
2020-11-20 16:35:10.932  INFO 21956 --- [main] com.len.LenApplication                   : The following profiles are active: mysql-dev
2020-11-20 16:35:13.252  INFO 21956 --- [main] .s.d.r.c.RepositoryConfigurationDelegate : Multiple Spring Data modules found, entering strict repository configuration mode!
2020-11-20 16:35:13.256  INFO 21956 --- [main] .s.d.r.c.RepositoryConfigurationDelegate : Bootstrapping Spring Data Redis repositories in DEFAULT mode.
2020-11-20 16:35:13.350  INFO 21956 --- [main] .s.d.r.c.RepositoryConfigurationDelegate : Finished Spring Data repository scanning in 71ms. Found 0 Redis repository interfaces.
2020-11-20 16:35:13.482  WARN 21956 --- [main] o.m.s.mapper.ClassPathMapperScanner      : Skipping MapperFactoryBean with name 'sysUserMapper' and 'com.len.mapper.SysUserMapper' mapperInterface. Bean already defined with the same name!
2020-11-20 16:35:13.835  INFO 21956 --- [main] faultConfiguringBeanFactoryPostProcessor : No bean named 'errorChannel' has been explicitly defined. Therefore, a default PublishSubscribeChannel will be created.
2020-11-20 16:35:13.846  INFO 21956 --- [main] faultConfiguringBeanFactoryPostProcessor : No bean named 'taskScheduler' has been explicitly defined. Therefore, a default ThreadPoolTaskScheduler will be created.
2020-11-20 16:35:13.859  INFO 21956 --- [main] faultConfiguringBeanFactoryPostProcessor : No bean named 'integrationHeaderChannelRegistry' has been explicitly defined. Therefore, a default DefaultHeaderChannelRegistry will be created.
2020-11-20 16:35:13.932  INFO 21956 --- [main] trationDelegate$BeanPostProcessorChecker : Bean 'RConfig' of type [com.len.config.RConfig] is not eligible for getting processed by all BeanPostProcessors (for example: not eligible for auto-proxying)
2020-11-20 16:35:13.933  INFO 21956 --- [main] trationDelegate$BeanPostProcessorChecker : Bean 'shiroConfig' of type [com.len.config.ShiroConfig$$EnhancerBySpringCGLIB$$aacf0c] is not eligible for getting processed by all BeanPostProcessors (for example: not eligible for auto-proxying)
2020-11-20 16:35:13.952  INFO 21956 --- [main] trationDelegate$BeanPostProcessorChecker : Bean 'transactionalConfig' of type [com.len.config.TransactionalConfig$$EnhancerBySpringCGLIB$$562e8fa4] is not eligible for getting processed by all BeanPostProcessors (for example: not eligible for auto-proxying)
2020-11-20 16:35:14.022  INFO 21956 --- [main] trationDelegate$BeanPostProcessorChecker : Bean 'getRetryLimitCredentialsMatcher' of type [com.len.core.shiro.RetryLimitCredentialsMatcher] is not eligible for getting processed by all BeanPostProcessors (for example: not eligible for auto-proxying)
2020-11-20 16:35:14.190  INFO 21956 --- [main] trationDelegate$BeanPostProcessorChecker : Bean 'mybatis-plus-com.baomidou.mybatisplus.autoconfigure.MybatisPlusProperties' of type [com.baomidou.mybatisplus.autoconfigure.MybatisPlusProperties] is not eligible for getting processed by all BeanPostProcessors (for example: not eligible for auto-proxying)
2020-11-20 16:35:14.197  INFO 21956 --- [main] trationDelegate$BeanPostProcessorChecker : Bean 'myBatisPlusConfig' of type [com.len.config.MyBatisPlusConfig$$EnhancerBySpringCGLIB$$e0525a08] is not eligible for getting processed by all BeanPostProcessors (for example: not eligible for auto-proxying)
2020-11-20 16:35:14.217  INFO 21956 --- [main] trationDelegate$BeanPostProcessorChecker : Bean 'paginationInterceptor' of type [com.baomidou.mybatisplus.extension.plugins.PaginationInterceptor] is not eligible for getting processed by all BeanPostProcessors (for example: not eligible for auto-proxying)
2020-11-20 16:35:14.228  INFO 21956 --- [main] trationDelegate$BeanPostProcessorChecker : Bean 'com.baomidou.mybatisplus.autoconfigure.MybatisPlusAutoConfiguration' of type [com.baomidou.mybatisplus.autoconfigure.MybatisPlusAutoConfiguration$$EnhancerBySpringCGLIB$$cbd41c54] is not eligible for getting processed by all BeanPostProcessors (for example: not eligible for auto-proxying)
2020-11-20 16:35:14.230  INFO 21956 --- [main] trationDelegate$BeanPostProcessorChecker : Bean 'org.springframework.boot.autoconfigure.jdbc.DataSourceConfiguration$Hikari' of type [org.springframework.boot.autoconfigure.jdbc.DataSourceConfiguration$Hikari$$EnhancerBySpringCGLIB$$ce8b19a7] is not eligible for getting processed by all BeanPostProcessors (for example: not eligible for auto-proxying)
2020-11-20 16:35:14.242  INFO 21956 --- [main] trationDelegate$BeanPostProcessorChecker : Bean 'spring.datasource-org.springframework.boot.autoconfigure.jdbc.DataSourceProperties' of type [org.springframework.boot.autoconfigure.jdbc.DataSourceProperties] is not eligible for getting processed by all BeanPostProcessors (for example: not eligible for auto-proxying)
2020-11-20 16:35:14.281  INFO 21956 --- [main] trationDelegate$BeanPostProcessorChecker : Bean 'dataSource' of type [com.zaxxer.hikari.HikariDataSource] is not eligible for getting processed by all BeanPostProcessors (for example: not eligible for auto-proxying)
2020-11-20 16:35:14.308  INFO 21956 --- [main] trationDelegate$BeanPostProcessorChecker : Bean 'fieldMetaObjectHandler' of type [com.xi.xlm.config.FieldMetaObjectHandler] is not eligible for getting processed by all BeanPostProcessors (for example: not eligible for auto-proxying)
2020-11-20 16:35:15.982  INFO 21956 --- [main] trationDelegate$BeanPostProcessorChecker : Bean 'sqlSessionFactory' of type [org.apache.ibatis.session.defaults.DefaultSqlSessionFactory] is not eligible for getting processed by all BeanPostProcessors (for example: not eligible for auto-proxying)
2020-11-20 16:35:15.990  INFO 21956 --- [main] trationDelegate$BeanPostProcessorChecker : Bean 'sqlSessionTemplate' of type [org.mybatis.spring.SqlSessionTemplate] is not eligible for getting processed by all BeanPostProcessors (for example: not eligible for auto-proxying)
2020-11-20 16:35:15.991  INFO 21956 --- [main] trationDelegate$BeanPostProcessorChecker : Bean 'sysUserMapper' of type [org.mybatis.spring.mapper.MapperFactoryBean] is not eligible for getting processed by all BeanPostProcessors (for example: not eligible for auto-proxying)
2020-11-20 16:35:15.993  INFO 21956 --- [main] trationDelegate$BeanPostProcessorChecker : Bean 'sysUserMapper' of type [com.sun.proxy.$Proxy91] is not eligible for getting processed by all BeanPostProcessors (for example: not eligible for auto-proxying)
2020-11-20 16:35:15.999  INFO 21956 --- [main] trationDelegate$BeanPostProcessorChecker : Bean 'sysRoleUserMapper' of type [org.mybatis.spring.mapper.MapperFactoryBean] is not eligible for getting processed by all BeanPostProcessors (for example: not eligible for auto-proxying)
2020-11-20 16:35:16.000  INFO 21956 --- [main] trationDelegate$BeanPostProcessorChecker : Bean 'sysRoleUserMapper' of type [com.sun.proxy.$Proxy92] is not eligible for getting processed by all BeanPostProcessors (for example: not eligible for auto-proxying)
2020-11-20 16:35:16.009  INFO 21956 --- [main] trationDelegate$BeanPostProcessorChecker : Bean 'sysRoleMapper' of type [org.mybatis.spring.mapper.MapperFactoryBean] is not eligible for getting processed by all BeanPostProcessors (for example: not eligible for auto-proxying)
2020-11-20 16:35:16.010  INFO 21956 --- [main] trationDelegate$BeanPostProcessorChecker : Bean 'sysRoleMapper' of type [com.sun.proxy.$Proxy93] is not eligible for getting processed by all BeanPostProcessors (for example: not eligible for auto-proxying)
2020-11-20 16:35:16.020  INFO 21956 --- [main] trationDelegate$BeanPostProcessorChecker : Bean 'sysRoleMenuMapper' of type [org.mybatis.spring.mapper.MapperFactoryBean] is not eligible for getting processed by all BeanPostProcessors (for example: not eligible for auto-proxying)
2020-11-20 16:35:16.021  INFO 21956 --- [main] trationDelegate$BeanPostProcessorChecker : Bean 'sysRoleMenuMapper' of type [com.sun.proxy.$Proxy94] is not eligible for getting processed by all BeanPostProcessors (for example: not eligible for auto-proxying)
2020-11-20 16:35:16.023  INFO 21956 --- [main] trationDelegate$BeanPostProcessorChecker : Bean 'roleMenuServiceImpl' of type [com.len.service.impl.RoleMenuServiceImpl] is not eligible for getting processed by all BeanPostProcessors (for example: not eligible for auto-proxying)
2020-11-20 16:35:16.028  INFO 21956 --- [main] trationDelegate$BeanPostProcessorChecker : Bean 'roleUserServiceImpl' of type [com.len.service.impl.RoleUserServiceImpl] is not eligible for getting processed by all BeanPostProcessors (for example: not eligible for auto-proxying)
2020-11-20 16:35:16.029  INFO 21956 --- [main] trationDelegate$BeanPostProcessorChecker : Bean 'roleServiceImpl' of type [com.len.service.impl.RoleServiceImpl] is not eligible for getting processed by all BeanPostProcessors (for example: not eligible for auto-proxying)
2020-11-20 16:35:16.049  INFO 21956 --- [main] trationDelegate$BeanPostProcessorChecker : Bean 'sysMenuMapper' of type [org.mybatis.spring.mapper.MapperFactoryBean] is not eligible for getting processed by all BeanPostProcessors (for example: not eligible for auto-proxying)
2020-11-20 16:35:16.050  INFO 21956 --- [main] trationDelegate$BeanPostProcessorChecker : Bean 'sysMenuMapper' of type [com.sun.proxy.$Proxy95] is not eligible for getting processed by all BeanPostProcessors (for example: not eligible for auto-proxying)
2020-11-20 16:35:16.054  INFO 21956 --- [main] trationDelegate$BeanPostProcessorChecker : Bean 'menuServiceImpl' of type [com.len.service.impl.MenuServiceImpl] is not eligible for getting processed by all BeanPostProcessors (for example: not eligible for auto-proxying)
2020-11-20 16:35:16.055  INFO 21956 --- [main] trationDelegate$BeanPostProcessorChecker : Bean 'sysUserServiceImpl' of type [com.len.service.impl.SysUserServiceImpl] is not eligible for getting processed by all BeanPostProcessors (for example: not eligible for auto-proxying)
2020-11-20 16:35:16.055  INFO 21956 --- [main] trationDelegate$BeanPostProcessorChecker : Bean 'userLoginRealm' of type [com.len.core.shiro.LoginRealm] is not eligible for getting processed by all BeanPostProcessors (for example: not eligible for auto-proxying)
2020-11-20 16:35:16.057  INFO 21956 --- [main] trationDelegate$BeanPostProcessorChecker : Bean 'credentialsMatcher' of type [com.len.config.ShiroConfig$$Lambda$338/2041983781] is not eligible for getting processed by all BeanPostProcessors (for example: not eligible for auto-proxying)
2020-11-20 16:35:16.065  INFO 21956 --- [main] trationDelegate$BeanPostProcessorChecker : Bean 'org.springframework.boot.autoconfigure.data.redis.RedisAutoConfiguration' of type [org.springframework.boot.autoconfigure.data.redis.RedisAutoConfiguration$$EnhancerBySpringCGLIB$$83a2daf6] is not eligible for getting processed by all BeanPostProcessors (for example: not eligible for auto-proxying)
2020-11-20 16:35:16.073  INFO 21956 --- [main] trationDelegate$BeanPostProcessorChecker : Bean 'spring.redis-org.springframework.boot.autoconfigure.data.redis.RedisProperties' of type [org.springframework.boot.autoconfigure.data.redis.RedisProperties] is not eligible for getting processed by all BeanPostProcessors (for example: not eligible for auto-proxying)
2020-11-20 16:35:16.076  INFO 21956 --- [main] trationDelegate$BeanPostProcessorChecker : Bean 'org.springframework.boot.autoconfigure.data.redis.LettuceConnectionConfiguration' of type [org.springframework.boot.autoconfigure.data.redis.LettuceConnectionConfiguration$$EnhancerBySpringCGLIB$$a3256e04] is not eligible for getting processed by all BeanPostProcessors (for example: not eligible for auto-proxying)
2020-11-20 16:35:16.341  INFO 21956 --- [main] trationDelegate$BeanPostProcessorChecker : Bean 'lettuceClientResources' of type [io.lettuce.core.resource.DefaultClientResources] is not eligible for getting processed by all BeanPostProcessors (for example: not eligible for auto-proxying)
2020-11-20 16:35:16.483  INFO 21956 --- [main] trationDelegate$BeanPostProcessorChecker : Bean 'redisConnectionFactory' of type [org.springframework.data.redis.connection.lettuce.LettuceConnectionFactory] is not eligible for getting processed by all BeanPostProcessors (for example: not eligible for auto-proxying)
2020-11-20 16:35:16.508  INFO 21956 --- [main] trationDelegate$BeanPostProcessorChecker : Bean 'stringRedisTemplate' of type [org.springframework.data.redis.core.StringRedisTemplate] is not eligible for getting processed by all BeanPostProcessors (for example: not eligible for auto-proxying)
2020-11-20 16:35:16.508  INFO 21956 --- [main] trationDelegate$BeanPostProcessorChecker : Bean 'redisUtil' of type [com.len.redis.RedisUtil] is not eligible for getting processed by all BeanPostProcessors (for example: not eligible for auto-proxying)
2020-11-20 16:35:16.508  INFO 21956 --- [main] trationDelegate$BeanPostProcessorChecker : Bean 'jwtWxConfig' of type [com.xi.xlm.wx.util.JwtWxConfig] is not eligible for getting processed by all BeanPostProcessors (for example: not eligible for auto-proxying)
2020-11-20 16:35:16.514  INFO 21956 --- [main] trationDelegate$BeanPostProcessorChecker : Bean 'webMemberMapper' of type [org.mybatis.spring.mapper.MapperFactoryBean] is not eligible for getting processed by all BeanPostProcessors (for example: not eligible for auto-proxying)
2020-11-20 16:35:16.515  INFO 21956 --- [main] trationDelegate$BeanPostProcessorChecker : Bean 'webMemberMapper' of type [com.sun.proxy.$Proxy96] is not eligible for getting processed by all BeanPostProcessors (for example: not eligible for auto-proxying)
2020-11-20 16:35:16.516  INFO 21956 --- [main] trationDelegate$BeanPostProcessorChecker : Bean 'webMemberServiceImpl' of type [com.xi.xlm.service.impl.WebMemberServiceImpl] is not eligible for getting processed by all BeanPostProcessors (for example: not eligible for auto-proxying)
2020-11-20 16:35:16.516  INFO 21956 --- [main] trationDelegate$BeanPostProcessorChecker : Bean 'wapLoginRealm' of type [com.xi.xlm.wx.shiroConfig.WapRealm] is not eligible for getting processed by all BeanPostProcessors (for example: not eligible for auto-proxying)
2020-11-20 16:35:16.816  INFO 21956 --- [main] trationDelegate$BeanPostProcessorChecker : Bean 'getAtLeastOneSuccessfulStrategy' of type [org.apache.shiro.authc.pam.AtLeastOneSuccessfulStrategy] is not eligible for getting processed by all BeanPostProcessors (for example: not eligible for auto-proxying)
2020-11-20 16:35:16.816  INFO 21956 --- [main] trationDelegate$BeanPostProcessorChecker : Bean 'getMyModularRealmAuthenticator' of type [com.len.config.MyModularRealmAuthenticator] is not eligible for getting processed by all BeanPostProcessors (for example: not eligible for auto-proxying)
2020-11-20 16:35:16.819  INFO 21956 --- [main] trationDelegate$BeanPostProcessorChecker : Bean 'redisSessionDAO' of type [org.crazycake.shiro.RedisSessionDAO] is not eligible for getting processed by all BeanPostProcessors (for example: not eligible for auto-proxying)
2020-11-20 16:35:16.821  INFO 21956 --- [main] trationDelegate$BeanPostProcessorChecker : Bean 'sessionManager' of type [org.apache.shiro.web.session.mgt.DefaultWebSessionManager] is not eligible for getting processed by all BeanPostProcessors (for example: not eligible for auto-proxying)
2020-11-20 16:35:16.821  INFO 21956 --- [main] trationDelegate$BeanPostProcessorChecker : Bean 'securityManager' of type [org.apache.shiro.web.mgt.DefaultWebSecurityManager] is not eligible for getting processed by all BeanPostProcessors (for example: not eligible for auto-proxying)
2020-11-20 16:35:16.829  INFO 21956 --- [main] trationDelegate$BeanPostProcessorChecker : Bean 'getPermissionFilter' of type [com.len.core.filter.PermissionFilter] is not eligible for getting processed by all BeanPostProcessors (for example: not eligible for auto-proxying)
2020-11-20 16:35:16.830  INFO 21956 --- [main] trationDelegate$BeanPostProcessorChecker : Bean 'getVerfityCodeFilter' of type [com.len.core.filter.VerfityCodeFilter] is not eligible for getting processed by all BeanPostProcessors (for example: not eligible for auto-proxying)
2020-11-20 16:35:16.850  INFO 21956 --- [main] trationDelegate$BeanPostProcessorChecker : Bean 'urlsProperties' of type [com.xi.xlm.properties.UrlsProperties] is not eligible for getting processed by all BeanPostProcessors (for example: not eligible for auto-proxying)
2020-11-20 16:35:16.850  INFO 21956 --- [main] trationDelegate$BeanPostProcessorChecker : Bean 'getWapAuthenticationFilter' of type [com.xi.xlm.wx.filter.JwtFilter] is not eligible for getting processed by all BeanPostProcessors (for example: not eligible for auto-proxying)
2020-11-20 16:35:16.886  INFO 21956 --- [main] trationDelegate$BeanPostProcessorChecker : Bean 'getAuthorizationAttributeSourceAdvisor' of type [org.apache.shiro.spring.security.interceptor.AuthorizationAttributeSourceAdvisor] is not eligible for getting processed by all BeanPostProcessors (for example: not eligible for auto-proxying)
2020-11-20 16:35:16.987  INFO 21956 --- [main] trationDelegate$BeanPostProcessorChecker : Bean 'org.springframework.transaction.annotation.ProxyTransactionManagementConfiguration' of type [org.springframework.transaction.annotation.ProxyTransactionManagementConfiguration$$EnhancerBySpringCGLIB$$8e0bafba] is not eligible for getting processed by all BeanPostProcessors (for example: not eligible for auto-proxying)
2020-11-20 16:35:17.200  INFO 21956 --- [main] trationDelegate$BeanPostProcessorChecker : Bean 'org.springframework.integration.config.IntegrationManagementConfiguration' of type [org.springframework.integration.config.IntegrationManagementConfiguration$$EnhancerBySpringCGLIB$$f8fd6ae9] is not eligible for getting processed by all BeanPostProcessors (for example: not eligible for auto-proxying)
2020-11-20 16:35:17.227  INFO 21956 --- [main] trationDelegate$BeanPostProcessorChecker : Bean 'integrationDisposableAutoCreatedBeans' of type [org.springframework.integration.config.annotation.Disposables] is not eligible for getting processed by all BeanPostProcessors (for example: not eligible for auto-proxying)
2020-11-20 16:35:17.695  INFO 21956 --- [main] o.s.b.w.embedded.tomcat.TomcatWebServer  : Tomcat initialized with port(s): 8081 (http)
2020-11-20 16:35:17.723  INFO 21956 --- [main] o.apache.catalina.core.StandardService   : Starting service [Tomcat]
2020-11-20 16:35:17.724  INFO 21956 --- [main] org.apache.catalina.core.StandardEngine  : Starting Servlet engine: [Apache Tomcat/9.0.30]
2020-11-20 16:35:17.881  INFO 21956 --- [main] o.a.c.c.C.[Tomcat].[localhost].[/]       : Initializing Spring embedded WebApplicationContext
2020-11-20 16:35:17.881  INFO 21956 --- [main] o.s.web.context.ContextLoader            : Root WebApplicationContext: initialization completed in 6891 ms
2020-11-20 16:35:19.249  INFO 21956 --- [main] org.quartz.impl.StdSchedulerFactory      : Using default implementation for ThreadExecutor
2020-11-20 16:35:19.258  INFO 21956 --- [main] org.quartz.simpl.SimpleThreadPool        : Job execution threads will use class loader of thread: main
2020-11-20 16:35:19.275  INFO 21956 --- [main] org.quartz.core.SchedulerSignalerImpl    : Initialized Scheduler Signaller of type: class org.quartz.core.SchedulerSignalerImpl
2020-11-20 16:35:19.275  INFO 21956 --- [main] org.quartz.core.QuartzScheduler          : Quartz Scheduler v.2.3.0 created.
2020-11-20 16:35:19.276  INFO 21956 --- [main] org.quartz.simpl.RAMJobStore             : RAMJobStore initialized.
2020-11-20 16:35:19.277  INFO 21956 --- [main] org.quartz.core.QuartzScheduler          : Scheduler meta-data: Quartz Scheduler (v2.3.0) 'DefaultQuartzScheduler' with instanceId 'NON_CLUSTERED'
  Scheduler class: 'org.quartz.core.QuartzScheduler' - running locally.
  NOT STARTED.
  Currently in standby mode.
  Number of jobs executed: 0
  Using thread pool 'org.quartz.simpl.SimpleThreadPool' - with 20 threads.
  Using job-store 'org.quartz.simpl.RAMJobStore' - which does not support persistence. and is not clustered.

2020-11-20 16:35:19.277  INFO 21956 --- [main] org.quartz.impl.StdSchedulerFactory      : Quartz scheduler 'DefaultQuartzScheduler' initialized from an externally provided properties instance.
2020-11-20 16:35:19.277  INFO 21956 --- [main] org.quartz.impl.StdSchedulerFactory      : Quartz scheduler version: 2.3.0
2020-11-20 16:35:19.278  INFO 21956 --- [main] org.quartz.core.QuartzScheduler          : JobFactory set to: com.len.core.quartz.MyJobFactory@6c9b6332
2020-11-20 16:35:22.030  INFO 21956 --- [main] o.s.b.a.e.web.EndpointLinksResolver      : Exposing 2 endpoint(s) beneath base path '/actuator'
2020-11-20 16:35:22.264  INFO 21956 --- [main] pertySourcedRequestMappingHandlerMapping : Mapped URL path [/v2/api-docs] onto method [public org.springframework.http.ResponseEntity<springfox.documentation.spring.web.json.Json> springfox.documentation.swagger2.web.Swagger2Controller.getDocumentation(java.lang.String,javax.servlet.http.HttpServletRequest)]
2020-11-20 16:35:23.443  INFO 21956 --- [main] o.s.s.c.ThreadPoolTaskScheduler          : Initializing ExecutorService 'taskScheduler'
2020-11-20 16:35:23.631  INFO 21956 --- [main] o.s.i.endpoint.EventDrivenConsumer       : Adding {logging-channel-adapter:_org.springframework.integration.errorLogger} as a subscriber to the 'errorChannel' channel
2020-11-20 16:35:23.632  INFO 21956 --- [main] o.s.i.channel.PublishSubscribeChannel    : Channel 'application.errorChannel' has 1 subscriber(s).
2020-11-20 16:35:23.632  INFO 21956 --- [main] o.s.i.endpoint.EventDrivenConsumer       : started _org.springframework.integration.errorLogger
2020-11-20 16:35:23.632  INFO 21956 --- [main] d.s.w.p.DocumentationPluginsBootstrapper : Context refreshed
2020-11-20 16:35:23.666  INFO 21956 --- [main] d.s.w.p.DocumentationPluginsBootstrapper : Found 1 custom documentation plugin(s)
2020-11-20 16:35:23.746  INFO 21956 --- [main] s.d.s.w.s.ApiListingReferenceScanner     : Scanning for api listing references
2020-11-20 16:35:23.959  WARN 21956 --- [main] s.d.s.w.r.p.ParameterDataTypeReader      : Trying to infer dataType java.lang.String[]
2020-11-20 16:35:23.964  INFO 21956 --- [main] .d.s.w.r.o.CachingOperationNameGenerator : Generating unique operation named: delUsingPOST_1
2020-11-20 16:35:23.976  INFO 21956 --- [main] .d.s.w.r.o.CachingOperationNameGenerator : Generating unique operation named: showRoleListUsingGET_1
2020-11-20 16:35:23.979  WARN 21956 --- [main] s.d.s.w.r.p.ParameterDataTypeReader      : Trying to infer dataType java.lang.String[]
2020-11-20 16:35:23.983  WARN 21956 --- [main] s.d.s.w.r.p.ParameterDataTypeReader      : Trying to infer dataType java.lang.String[]
2020-11-20 16:35:23.988  INFO 21956 --- [main] .d.s.w.r.o.CachingOperationNameGenerator : Generating unique operation named: delUsingPOST_2
2020-11-20 16:35:23.994  WARN 21956 --- [main] s.d.s.w.r.p.ParameterDataTypeReader      : Trying to infer dataType java.lang.String[]
2020-11-20 16:35:23.996  INFO 21956 --- [main] .d.s.w.r.o.CachingOperationNameGenerator : Generating unique operation named: updateUserUsingPOST_1
2020-11-20 16:35:24.159  INFO 21956 --- [main] o.s.s.quartz.SchedulerFactoryBean        : Starting Quartz Scheduler now
2020-11-20 16:35:24.160  INFO 21956 --- [main] org.quartz.core.QuartzScheduler          : Scheduler DefaultQuartzScheduler_$_NON_CLUSTERED started.
2020-11-20 16:35:24.235  INFO 21956 --- [main] o.s.b.w.embedded.tomcat.TomcatWebServer  : Tomcat started on port(s): 8081 (http) with context path ''
2020-11-20 16:35:24.238  INFO 21956 --- [main] com.len.LenApplication                   : Started LenApplication in 14.036 seconds (JVM running for 14.614)
2020-11-20 16:35:25.191  INFO 21956 --- [Thread-2] c.len.core.init.job.DataSourceJobThread  : ---------线程启动---------
2020-11-20 16:35:25.313  INFO 21956 --- [Thread-2] com.zaxxer.hikari.HikariDataSource       : DatebookHikariCP - Starting...
2020-11-20 16:35:25.317  WARN 21956 --- [Thread-2] com.zaxxer.hikari.util.DriverDataSource  : Registered driver with driverClassName=com.mysql.jdbc.Driver was not found, trying direct instantiation.
2020-11-20 16:35:25.640  INFO 21956 --- [Thread-2] com.zaxxer.hikari.HikariDataSource       : DatebookHikariCP - Start completed.
2020-11-20 16:35:25.725  INFO 21956 --- [Thread-2] c.len.core.init.job.DataSourceJobThread  : ---数据库暂无启动的任务---------
2020-11-20 16:37:17.387  INFO 21956 --- [Thread-4] org.quartz.core.QuartzScheduler          : Scheduler DefaultQuartzScheduler_$_NON_CLUSTERED paused.
2020-11-20 16:37:17.388  INFO 21956 --- [Thread-4] o.s.i.endpoint.EventDrivenConsumer       : Removing {logging-channel-adapter:_org.springframework.integration.errorLogger} as a subscriber to the 'errorChannel' channel
2020-11-20 16:37:17.389  INFO 21956 --- [Thread-4] o.s.i.channel.PublishSubscribeChannel    : Channel 'application.errorChannel' has 0 subscriber(s).
2020-11-20 16:37:17.389  INFO 21956 --- [Thread-4] o.s.i.endpoint.EventDrivenConsumer       : stopped _org.springframework.integration.errorLogger
2020-11-20 16:37:17.389  INFO 21956 --- [Thread-4] o.s.s.c.ThreadPoolTaskScheduler          : Shutting down ExecutorService 'taskScheduler'
2020-11-20 16:37:17.394  INFO 21956 --- [Thread-4] o.s.s.quartz.SchedulerFactoryBean        : Shutting down Quartz Scheduler
2020-11-20 16:37:17.394  INFO 21956 --- [Thread-4] org.quartz.core.QuartzScheduler          : Scheduler DefaultQuartzScheduler_$_NON_CLUSTERED shutting down.
2020-11-20 16:37:17.394  INFO 21956 --- [Thread-4] org.quartz.core.QuartzScheduler          : Scheduler DefaultQuartzScheduler_$_NON_CLUSTERED paused.
2020-11-20 16:37:17.395  INFO 21956 --- [Thread-4] org.quartz.core.QuartzScheduler          : Scheduler DefaultQuartzScheduler_$_NON_CLUSTERED shutdown complete.
2020-11-20 16:37:17.439  INFO 21956 --- [Thread-4] com.zaxxer.hikari.HikariDataSource       : DatebookHikariCP - Shutdown initiated...
2020-11-20 16:37:17.449  INFO 21956 --- [Thread-4] com.zaxxer.hikari.HikariDataSource       : DatebookHikariCP - Shutdown completed.
